<?xml version="1.0" encoding="UTF-8"?>
<!-- Generated by org.testng.reporters.JUnitXMLReporter -->
<testsuite ignored="0" hostname="ellesiri" failures="0" tests="9" name="Surefire test" time="13.499" errors="0" timestamp="2024-05-20T13:20:09 IST">
  <testcase classname="api.test.DataDrivenTests" name="testPostuser" time="2.488"/>
  <testcase classname="api.test.DataDrivenTests" name="testPostuser" time="1.129"/>
  <testcase classname="api.test.DataDrivenTests" name="testPostuser" time="1.276"/>
  <testcase classname="api.test.DataDrivenTests" name="testDeleteuserByName" time="1.204"/>
  <testcase classname="api.test.DataDrivenTests" name="testDeleteuserByName" time="1.267"/>
  <testcase classname="api.test.DataDrivenTests" name="testDeleteuserByName" time="1.208"/>
  <testcase classname="api.test.UserTests" name="testPostUser" time="1.191"/>
  <testcase classname="api.test.UserTests" name="testGetUserByName" time="1.255"/>
  <testcase classname="api.test.UserTests" name="testDeleteUserByName" time="1.189"/>
</testsuite> <!-- Surefire test -->
