<?xml version="1.0" encoding="UTF-8"?>
<!-- Generated by org.testng.reporters.JUnitXMLReporter -->
<testsuite ignored="0" hostname="ellesiri" failures="0" tests="3" name="Default test" time="6.118" errors="0" timestamp="2024-05-20T12:20:11 IST">
  <testcase classname="api.test.Loggerinfo" name="testPost" time="2.677"/>
  <testcase classname="api.test.Loggerinfo" name="testGetUserByName" time="1.476"/>
  <testcase classname="api.test.Loggerinfo" name="testDeleteUserByName" time="1.326"/>
</testsuite> <!-- Default test -->
