<?xml version="1.0" encoding="UTF-8"?>
<testng-results ignored="0" total="9" passed="9" failed="0" skipped="0">
  <reporter-output>
  </reporter-output>
  <suite started-at="2024-05-20T13:44:46 IST" name="PetSuite" finished-at="2024-05-20T13:44:59 IST" duration-ms="13016">
    <groups>
    </groups>
    <test started-at="2024-05-20T13:44:46 IST" name="PetTest" finished-at="2024-05-20T13:44:59 IST" duration-ms="13016">
      <class name="api.test.DataDrivenTests">
        <test-method signature="testPostuser(java.lang.String,java.lang.String,java.lang.String,java.lang.String,java.lang.String,java.lang.String,java.lang.String)[pri:1, instance:api.test.DataDrivenTests@1ab3a8c8]" started-at="2024-05-20T13:44:47 IST" name="testPostuser" data-provider="Data" finished-at="2024-05-20T13:44:49 IST" duration-ms="2276" status="PASS">
          <params>
            <param index="0">
              <value>
                <![CDATA[1010]]>
              </value>
            </param>
            <param index="1">
              <value>
                <![CDATA[testuser1]]>
              </value>
            </param>
            <param index="2">
              <value>
                <![CDATA[elle]]>
              </value>
            </param>
            <param index="3">
              <value>
                <![CDATA[raya]]>
              </value>
            </param>
            <param index="4">
              <value>
                <![CDATA[e@gmail.com]]>
              </value>
            </param>
            <param index="5">
              <value>
                <![CDATA[test@1]]>
              </value>
            </param>
            <param index="6">
              <value>
                <![CDATA[987654]]>
              </value>
            </param>
          </params>
          <reporter-output>
          </reporter-output>
        </test-method> <!-- testPostuser -->
        <test-method signature="testPostuser(java.lang.String,java.lang.String,java.lang.String,java.lang.String,java.lang.String,java.lang.String,java.lang.String)[pri:1, instance:api.test.DataDrivenTests@1ab3a8c8]" started-at="2024-05-20T13:44:49 IST" name="testPostuser" data-provider="Data" finished-at="2024-05-20T13:44:51 IST" duration-ms="1159" status="PASS">
          <params>
            <param index="0">
              <value>
                <![CDATA[1020]]>
              </value>
            </param>
            <param index="1">
              <value>
                <![CDATA[testuser2]]>
              </value>
            </param>
            <param index="2">
              <value>
                <![CDATA[shiva]]>
              </value>
            </param>
            <param index="3">
              <value>
                <![CDATA[pudi]]>
              </value>
            </param>
            <param index="4">
              <value>
                <![CDATA[s@gmail.com]]>
              </value>
            </param>
            <param index="5">
              <value>
                <![CDATA[test@2]]>
              </value>
            </param>
            <param index="6">
              <value>
                <![CDATA[654321]]>
              </value>
            </param>
          </params>
          <reporter-output>
          </reporter-output>
        </test-method> <!-- testPostuser -->
        <test-method signature="testPostuser(java.lang.String,java.lang.String,java.lang.String,java.lang.String,java.lang.String,java.lang.String,java.lang.String)[pri:1, instance:api.test.DataDrivenTests@1ab3a8c8]" started-at="2024-05-20T13:44:51 IST" name="testPostuser" data-provider="Data" finished-at="2024-05-20T13:44:52 IST" duration-ms="1155" status="PASS">
          <params>
            <param index="0">
              <value>
                <![CDATA[1030]]>
              </value>
            </param>
            <param index="1">
              <value>
                <![CDATA[testuser3]]>
              </value>
            </param>
            <param index="2">
              <value>
                <![CDATA[siri]]>
              </value>
            </param>
            <param index="3">
              <value>
                <![CDATA[rayapudi]]>
              </value>
            </param>
            <param index="4">
              <value>
                <![CDATA[r@gmail.com]]>
              </value>
            </param>
            <param index="5">
              <value>
                <![CDATA[test@3]]>
              </value>
            </param>
            <param index="6">
              <value>
                <![CDATA[321654]]>
              </value>
            </param>
          </params>
          <reporter-output>
          </reporter-output>
        </test-method> <!-- testPostuser -->
        <test-method signature="testDeleteuserByName(java.lang.String)[pri:2, instance:api.test.DataDrivenTests@1ab3a8c8]" started-at="2024-05-20T13:44:52 IST" name="testDeleteuserByName" data-provider="UserNames" finished-at="2024-05-20T13:44:53 IST" duration-ms="1128" status="PASS">
          <params>
            <param index="0">
              <value>
                <![CDATA[testuser1]]>
              </value>
            </param>
          </params>
          <reporter-output>
          </reporter-output>
        </test-method> <!-- testDeleteuserByName -->
        <test-method signature="testDeleteuserByName(java.lang.String)[pri:2, instance:api.test.DataDrivenTests@1ab3a8c8]" started-at="2024-05-20T13:44:53 IST" name="testDeleteuserByName" data-provider="UserNames" finished-at="2024-05-20T13:44:54 IST" duration-ms="1184" status="PASS">
          <params>
            <param index="0">
              <value>
                <![CDATA[testuser2]]>
              </value>
            </param>
          </params>
          <reporter-output>
          </reporter-output>
        </test-method> <!-- testDeleteuserByName -->
        <test-method signature="testDeleteuserByName(java.lang.String)[pri:2, instance:api.test.DataDrivenTests@1ab3a8c8]" started-at="2024-05-20T13:44:54 IST" name="testDeleteuserByName" data-provider="UserNames" finished-at="2024-05-20T13:44:55 IST" duration-ms="1121" status="PASS">
          <params>
            <param index="0">
              <value>
                <![CDATA[testuser3]]>
              </value>
            </param>
          </params>
          <reporter-output>
          </reporter-output>
        </test-method> <!-- testDeleteuserByName -->
      </class> <!-- api.test.DataDrivenTests -->
      <class name="api.test.Loggerinfo2">
        <test-method is-config="true" signature="setup()[pri:0, instance:api.test.Loggerinfo2@52bf72b5]" started-at="2024-05-20T13:44:55 IST" name="setup" finished-at="2024-05-20T13:44:55 IST" duration-ms="87" status="PASS">
          <reporter-output>
          </reporter-output>
        </test-method> <!-- setup -->
        <test-method signature="testPost()[pri:1, instance:api.test.Loggerinfo2@52bf72b5]" started-at="2024-05-20T13:44:55 IST" name="testPost" finished-at="2024-05-20T13:44:57 IST" duration-ms="1204" status="PASS">
          <reporter-output>
          </reporter-output>
        </test-method> <!-- testPost -->
        <test-method signature="testGetUserByName()[pri:2, instance:api.test.Loggerinfo2@52bf72b5]" started-at="2024-05-20T13:44:57 IST" name="testGetUserByName" finished-at="2024-05-20T13:44:58 IST" duration-ms="1143" status="PASS">
          <reporter-output>
          </reporter-output>
        </test-method> <!-- testGetUserByName -->
        <test-method signature="testDeleteUserByName()[pri:4, instance:api.test.Loggerinfo2@52bf72b5]" started-at="2024-05-20T13:44:58 IST" name="testDeleteUserByName" finished-at="2024-05-20T13:44:59 IST" duration-ms="1169" status="PASS">
          <reporter-output>
          </reporter-output>
        </test-method> <!-- testDeleteUserByName -->
      </class> <!-- api.test.Loggerinfo2 -->
    </test> <!-- PetTest -->
  </suite> <!-- PetSuite -->
</testng-results>
