<?xml version="1.0" encoding="UTF-8"?>
<!-- Generated by org.testng.reporters.JUnitXMLReporter -->
<testsuite ignored="0" hostname="ellesiri" failures="0" tests="9" name="PetTest" time="13.016" errors="0" timestamp="2024-05-20T13:44:59 IST">
  <testcase classname="api.test.DataDrivenTests" name="testPostuser" time="2.276"/>
  <testcase classname="api.test.DataDrivenTests" name="testPostuser" time="1.159"/>
  <testcase classname="api.test.DataDrivenTests" name="testPostuser" time="1.155"/>
  <testcase classname="api.test.DataDrivenTests" name="testDeleteuserByName" time="1.128"/>
  <testcase classname="api.test.DataDrivenTests" name="testDeleteuserByName" time="1.184"/>
  <testcase classname="api.test.DataDrivenTests" name="testDeleteuserByName" time="1.121"/>
  <testcase classname="api.test.Loggerinfo2" name="testPost" time="1.204"/>
  <testcase classname="api.test.Loggerinfo2" name="testGetUserByName" time="1.143"/>
  <testcase classname="api.test.Loggerinfo2" name="testDeleteUserByName" time="1.169"/>
</testsuite> <!-- PetTest -->
