<?xml version="1.0" encoding="UTF-8"?>
<!-- Generated by org.testng.reporters.JUnitXMLReporter -->
<testsuite ignored="0" hostname="ellesiri" failures="0" tests="9" name="PetTest" time="14.901" errors="0" timestamp="2024-05-20T13:04:09 IST">
  <testcase classname="api.test.DataDrivenTests" name="testPostuser" time="2.548"/>
  <testcase classname="api.test.DataDrivenTests" name="testPostuser" time="1.406"/>
  <testcase classname="api.test.DataDrivenTests" name="testPostuser" time="1.402"/>
  <testcase classname="api.test.DataDrivenTests" name="testDeleteuserByName" time="1.412"/>
  <testcase classname="api.test.DataDrivenTests" name="testDeleteuserByName" time="1.25"/>
  <testcase classname="api.test.DataDrivenTests" name="testDeleteuserByName" time="1.233"/>
  <testcase classname="api.test.Loggerinfo2" name="testPost" time="1.172"/>
  <testcase classname="api.test.Loggerinfo2" name="testGetUserByName" time="1.208"/>
  <testcase classname="api.test.Loggerinfo2" name="testDeleteUserByName" time="1.21"/>
</testsuite> <!-- PetTest -->
